C:\Users\sanjay.toge\Desktop\assignment\Tonder\clientApp\dist\out-tsc\app\errors\not-found\not-found.component.js
C:\Users\sanjay.toge\Desktop\assignment\Tonder\clientApp\dist\out-tsc\app\errors\not-found\not-found.component.js.map
C:\Users\sanjay.toge\Desktop\assignment\Tonder\clientApp\dist\out-tsc\app\errors\server-error\server-error.component.js
C:\Users\sanjay.toge\Desktop\assignment\Tonder\clientApp\dist\out-tsc\app\errors\server-error\server-error.component.js.map
C:\Users\sanjay.toge\Desktop\assignment\Tonder\clientApp\dist\out-tsc\environments\environment.js
C:\Users\sanjay.toge\Desktop\assignment\Tonder\clientApp\dist\out-tsc\environments\environment.js.map
C:\Users\sanjay.toge\Desktop\assignment\Tonder\clientApp\dist\out-tsc\app\errors\test-errors\test-errors.component.js
C:\Users\sanjay.toge\Desktop\assignment\Tonder\clientApp\dist\out-tsc\app\errors\test-errors\test-errors.component.js.map
C:\Users\sanjay.toge\Desktop\assignment\Tonder\clientApp\dist\out-tsc\app\home\home.component.js
C:\Users\sanjay.toge\Desktop\assignment\Tonder\clientApp\dist\out-tsc\app\home\home.component.js.map
C:\Users\sanjay.toge\Desktop\assignment\Tonder\clientApp\dist\out-tsc\app\Models\photo.js
C:\Users\sanjay.toge\Desktop\assignment\Tonder\clientApp\dist\out-tsc\app\Models\photo.js.map
C:\Users\sanjay.toge\Desktop\assignment\Tonder\clientApp\dist\out-tsc\app\Models\member.js
C:\Users\sanjay.toge\Desktop\assignment\Tonder\clientApp\dist\out-tsc\app\Models\member.js.map
C:\Users\sanjay.toge\Desktop\assignment\Tonder\clientApp\dist\out-tsc\app\Models\pagination.js
C:\Users\sanjay.toge\Desktop\assignment\Tonder\clientApp\dist\out-tsc\app\Models\pagination.js.map
C:\Users\sanjay.toge\Desktop\assignment\Tonder\clientApp\dist\out-tsc\app\Models\User.js
C:\Users\sanjay.toge\Desktop\assignment\Tonder\clientApp\dist\out-tsc\app\Models\User.js.map
C:\Users\sanjay.toge\Desktop\assignment\Tonder\clientApp\dist\out-tsc\app\Models\userParams.js
C:\Users\sanjay.toge\Desktop\assignment\Tonder\clientApp\dist\out-tsc\app\Models\userParams.js.map
C:\Users\sanjay.toge\Desktop\assignment\Tonder\clientApp\dist\out-tsc\app\_services\presence.service.js
C:\Users\sanjay.toge\Desktop\assignment\Tonder\clientApp\dist\out-tsc\app\_services\presence.service.js.map
C:\Users\sanjay.toge\Desktop\assignment\Tonder\clientApp\dist\out-tsc\app\_services\account.service.js
C:\Users\sanjay.toge\Desktop\assignment\Tonder\clientApp\dist\out-tsc\app\_services\account.service.js.map
C:\Users\sanjay.toge\Desktop\assignment\Tonder\clientApp\dist\out-tsc\app\_services\paginationHelper.js
C:\Users\sanjay.toge\Desktop\assignment\Tonder\clientApp\dist\out-tsc\app\_services\paginationHelper.js.map
C:\Users\sanjay.toge\Desktop\assignment\Tonder\clientApp\dist\out-tsc\app\_services\members.service.js
C:\Users\sanjay.toge\Desktop\assignment\Tonder\clientApp\dist\out-tsc\app\_services\members.service.js.map
C:\Users\sanjay.toge\Desktop\assignment\Tonder\clientApp\dist\out-tsc\app\lists\lists.component.js
C:\Users\sanjay.toge\Desktop\assignment\Tonder\clientApp\dist\out-tsc\app\lists\lists.component.js.map
C:\Users\sanjay.toge\Desktop\assignment\Tonder\clientApp\dist\out-tsc\app\Models\group.js
C:\Users\sanjay.toge\Desktop\assignment\Tonder\clientApp\dist\out-tsc\app\Models\group.js.map
C:\Users\sanjay.toge\Desktop\assignment\Tonder\clientApp\dist\out-tsc\app\Models\message.js
C:\Users\sanjay.toge\Desktop\assignment\Tonder\clientApp\dist\out-tsc\app\Models\message.js.map
C:\Users\sanjay.toge\Desktop\assignment\Tonder\clientApp\dist\out-tsc\app\_services\message.service.js
C:\Users\sanjay.toge\Desktop\assignment\Tonder\clientApp\dist\out-tsc\app\_services\message.service.js.map
C:\Users\sanjay.toge\Desktop\assignment\Tonder\clientApp\dist\out-tsc\app\members\member-detail\member-detail.component.js
C:\Users\sanjay.toge\Desktop\assignment\Tonder\clientApp\dist\out-tsc\app\members\member-detail\member-detail.component.js.map
C:\Users\sanjay.toge\Desktop\assignment\Tonder\clientApp\dist\out-tsc\app\members\member-edit\member-edit.component.js
C:\Users\sanjay.toge\Desktop\assignment\Tonder\clientApp\dist\out-tsc\app\members\member-edit\member-edit.component.js.map
C:\Users\sanjay.toge\Desktop\assignment\Tonder\clientApp\dist\out-tsc\app\members\member-list\member-list.component.js
C:\Users\sanjay.toge\Desktop\assignment\Tonder\clientApp\dist\out-tsc\app\members\member-list\member-list.component.js.map
C:\Users\sanjay.toge\Desktop\assignment\Tonder\clientApp\dist\out-tsc\app\messages\messages.component.js
C:\Users\sanjay.toge\Desktop\assignment\Tonder\clientApp\dist\out-tsc\app\messages\messages.component.js.map
C:\Users\sanjay.toge\Desktop\assignment\Tonder\clientApp\dist\out-tsc\app\_guards\auth.guard.js
C:\Users\sanjay.toge\Desktop\assignment\Tonder\clientApp\dist\out-tsc\app\_guards\auth.guard.js.map
C:\Users\sanjay.toge\Desktop\assignment\Tonder\clientApp\dist\out-tsc\app\_guards\prevent-unsaved-changes.guard.js
C:\Users\sanjay.toge\Desktop\assignment\Tonder\clientApp\dist\out-tsc\app\_guards\prevent-unsaved-changes.guard.js.map
C:\Users\sanjay.toge\Desktop\assignment\Tonder\clientApp\dist\out-tsc\app\_resolvers\member-detailed.resolver.js
C:\Users\sanjay.toge\Desktop\assignment\Tonder\clientApp\dist\out-tsc\app\_resolvers\member-detailed.resolver.js.map
C:\Users\sanjay.toge\Desktop\assignment\Tonder\clientApp\dist\out-tsc\app\admin\admin-panel\admin-panel.component.js
C:\Users\sanjay.toge\Desktop\assignment\Tonder\clientApp\dist\out-tsc\app\admin\admin-panel\admin-panel.component.js.map
C:\Users\sanjay.toge\Desktop\assignment\Tonder\clientApp\dist\out-tsc\app\_guards\admin.guard.js
C:\Users\sanjay.toge\Desktop\assignment\Tonder\clientApp\dist\out-tsc\app\_guards\admin.guard.js.map
C:\Users\sanjay.toge\Desktop\assignment\Tonder\clientApp\dist\out-tsc\app\app-routing.module.js
C:\Users\sanjay.toge\Desktop\assignment\Tonder\clientApp\dist\out-tsc\app\app-routing.module.js.map
C:\Users\sanjay.toge\Desktop\assignment\Tonder\clientApp\dist\out-tsc\app\app.component.js
C:\Users\sanjay.toge\Desktop\assignment\Tonder\clientApp\dist\out-tsc\app\app.component.js.map
C:\Users\sanjay.toge\Desktop\assignment\Tonder\clientApp\dist\out-tsc\app\nav\nav.component.js
C:\Users\sanjay.toge\Desktop\assignment\Tonder\clientApp\dist\out-tsc\app\nav\nav.component.js.map
C:\Users\sanjay.toge\Desktop\assignment\Tonder\clientApp\dist\out-tsc\app\register\register.component.js
C:\Users\sanjay.toge\Desktop\assignment\Tonder\clientApp\dist\out-tsc\app\register\register.component.js.map
C:\Users\sanjay.toge\Desktop\assignment\Tonder\clientApp\dist\out-tsc\app\login\login.component.js
C:\Users\sanjay.toge\Desktop\assignment\Tonder\clientApp\dist\out-tsc\app\login\login.component.js.map
C:\Users\sanjay.toge\Desktop\assignment\Tonder\clientApp\dist\out-tsc\app\_modules\shared.module.js
C:\Users\sanjay.toge\Desktop\assignment\Tonder\clientApp\dist\out-tsc\app\_modules\shared.module.js.map
C:\Users\sanjay.toge\Desktop\assignment\Tonder\clientApp\dist\out-tsc\app\_interceptors\error.interceptor.js
C:\Users\sanjay.toge\Desktop\assignment\Tonder\clientApp\dist\out-tsc\app\_interceptors\error.interceptor.js.map
C:\Users\sanjay.toge\Desktop\assignment\Tonder\clientApp\dist\out-tsc\app\members\member-card\member-card.component.js
C:\Users\sanjay.toge\Desktop\assignment\Tonder\clientApp\dist\out-tsc\app\members\member-card\member-card.component.js.map
C:\Users\sanjay.toge\Desktop\assignment\Tonder\clientApp\dist\out-tsc\app\_interceptors\jwt.interceptor.js
C:\Users\sanjay.toge\Desktop\assignment\Tonder\clientApp\dist\out-tsc\app\_interceptors\jwt.interceptor.js.map
C:\Users\sanjay.toge\Desktop\assignment\Tonder\clientApp\dist\out-tsc\app\_services\busy.service.js
C:\Users\sanjay.toge\Desktop\assignment\Tonder\clientApp\dist\out-tsc\app\_services\busy.service.js.map
C:\Users\sanjay.toge\Desktop\assignment\Tonder\clientApp\dist\out-tsc\app\_interceptors\loading.interceptor.js
C:\Users\sanjay.toge\Desktop\assignment\Tonder\clientApp\dist\out-tsc\app\_interceptors\loading.interceptor.js.map
C:\Users\sanjay.toge\Desktop\assignment\Tonder\clientApp\dist\out-tsc\app\members\photo-editor\photo-editor.component.js
C:\Users\sanjay.toge\Desktop\assignment\Tonder\clientApp\dist\out-tsc\app\members\photo-editor\photo-editor.component.js.map
C:\Users\sanjay.toge\Desktop\assignment\Tonder\clientApp\dist\out-tsc\app\_forms\text-input\text-input.component.js
C:\Users\sanjay.toge\Desktop\assignment\Tonder\clientApp\dist\out-tsc\app\_forms\text-input\text-input.component.js.map
C:\Users\sanjay.toge\Desktop\assignment\Tonder\clientApp\dist\out-tsc\app\_forms\date-input\date-input.component.js
C:\Users\sanjay.toge\Desktop\assignment\Tonder\clientApp\dist\out-tsc\app\_forms\date-input\date-input.component.js.map
C:\Users\sanjay.toge\Desktop\assignment\Tonder\clientApp\dist\out-tsc\app\members\member-messages\member-messages.component.js
C:\Users\sanjay.toge\Desktop\assignment\Tonder\clientApp\dist\out-tsc\app\members\member-messages\member-messages.component.js.map
C:\Users\sanjay.toge\Desktop\assignment\Tonder\clientApp\dist\out-tsc\app\_directives\has-role.directive.js
C:\Users\sanjay.toge\Desktop\assignment\Tonder\clientApp\dist\out-tsc\app\_directives\has-role.directive.js.map
C:\Users\sanjay.toge\Desktop\assignment\Tonder\clientApp\dist\out-tsc\app\modals\roles-modal\roles-modal.component.js
C:\Users\sanjay.toge\Desktop\assignment\Tonder\clientApp\dist\out-tsc\app\modals\roles-modal\roles-modal.component.js.map
C:\Users\sanjay.toge\Desktop\assignment\Tonder\clientApp\dist\out-tsc\app\_services\admin.service.js
C:\Users\sanjay.toge\Desktop\assignment\Tonder\clientApp\dist\out-tsc\app\_services\admin.service.js.map
C:\Users\sanjay.toge\Desktop\assignment\Tonder\clientApp\dist\out-tsc\app\admin\user-management\user-management.component.js
C:\Users\sanjay.toge\Desktop\assignment\Tonder\clientApp\dist\out-tsc\app\admin\user-management\user-management.component.js.map
C:\Users\sanjay.toge\Desktop\assignment\Tonder\clientApp\dist\out-tsc\app\admin\photo-management\photo-management.component.js
C:\Users\sanjay.toge\Desktop\assignment\Tonder\clientApp\dist\out-tsc\app\admin\photo-management\photo-management.component.js.map
C:\Users\sanjay.toge\Desktop\assignment\Tonder\clientApp\dist\out-tsc\app\app.module.js
C:\Users\sanjay.toge\Desktop\assignment\Tonder\clientApp\dist\out-tsc\app\app.module.js.map
C:\Users\sanjay.toge\Desktop\assignment\Tonder\clientApp\dist\out-tsc\main.js
C:\Users\sanjay.toge\Desktop\assignment\Tonder\clientApp\dist\out-tsc\main.js.map
C:\Users\sanjay.toge\Desktop\assignment\Tonder\clientApp\dist\out-tsc\polyfills.js
C:\Users\sanjay.toge\Desktop\assignment\Tonder\clientApp\dist\out-tsc\polyfills.js.map
C:\Users\sanjay.toge\Desktop\assignment\Tonder\clientApp\dist\out-tsc\test.js
C:\Users\sanjay.toge\Desktop\assignment\Tonder\clientApp\dist\out-tsc\test.js.map
C:\Users\sanjay.toge\Desktop\assignment\Tonder\clientApp\dist\out-tsc\app\app.component.spec.js
C:\Users\sanjay.toge\Desktop\assignment\Tonder\clientApp\dist\out-tsc\app\app.component.spec.js.map
C:\Users\sanjay.toge\Desktop\assignment\Tonder\clientApp\dist\out-tsc\environments\environment.prod.js
C:\Users\sanjay.toge\Desktop\assignment\Tonder\clientApp\dist\out-tsc\environments\environment.prod.js.map
